[2023-02-17 23:39:41.550716 +0000] I [cli.c:828:main] 0-cli: Started running gluster with version 10.1
[2023-02-17 23:39:41.602026 +0000] I [MSGID: 101190] [event-epoll.c:667:event_dispatch_epoll_worker] 0-epoll: Started thread with index [{index=0}] 
[2023-02-17 23:39:41.602155 +0000] I [MSGID: 101190] [event-epoll.c:667:event_dispatch_epoll_worker] 0-epoll: Started thread with index [{index=1}] 
[2023-02-17 23:39:41.749969 +0000] I [cli-rpc-ops.c:162:gf_cli_probe_cbk] 0-cli: Received resp to probe
[2023-02-17 23:39:41.750200 +0000] I [input.c:31:cli_batch] 0-: Exiting with: 0
[2023-02-17 23:39:41.981342 +0000] I [cli.c:828:main] 0-cli: Started running gluster with version 10.1
[2023-02-17 23:39:42.027195 +0000] I [MSGID: 101190] [event-epoll.c:667:event_dispatch_epoll_worker] 0-epoll: Started thread with index [{index=0}] 
[2023-02-17 23:39:42.027235 +0000] I [MSGID: 101190] [event-epoll.c:667:event_dispatch_epoll_worker] 0-epoll: Started thread with index [{index=1}] 
[2023-02-17 23:39:42.138407 +0000] I [cli-rpc-ops.c:162:gf_cli_probe_cbk] 0-cli: Received resp to probe
[2023-02-17 23:39:42.138665 +0000] I [input.c:31:cli_batch] 0-: Exiting with: 0
[2023-02-17 23:39:44.293581 +0000] I [cli.c:828:main] 0-cli: Started running /usr/sbin/gluster with version 10.1
[2023-02-17 23:39:44.337458 +0000] I [MSGID: 101190] [event-epoll.c:667:event_dispatch_epoll_worker] 0-epoll: Started thread with index [{index=0}] 
[2023-02-17 23:39:44.337585 +0000] I [MSGID: 101190] [event-epoll.c:667:event_dispatch_epoll_worker] 0-epoll: Started thread with index [{index=1}] 
[2023-02-17 23:39:44.337976 +0000] I [input.c:31:cli_batch] 0-: Exiting with: 0
[2023-02-17 23:39:44.344313 +0000] I [cli.c:828:main] 0-cli: Started running /usr/sbin/gluster with version 10.1
[2023-02-17 23:39:44.386149 +0000] I [MSGID: 101190] [event-epoll.c:667:event_dispatch_epoll_worker] 0-epoll: Started thread with index [{index=0}] 
[2023-02-17 23:39:44.386272 +0000] I [MSGID: 101190] [event-epoll.c:667:event_dispatch_epoll_worker] 0-epoll: Started thread with index [{index=1}] 
[2023-02-17 23:39:44.386519 +0000] I [cli-rpc-ops.c:767:gf_cli_get_volume_cbk] 0-cli: Received resp to get vol: 0
[2023-02-17 23:39:44.386540 +0000] I [input.c:31:cli_batch] 0-: Exiting with: 0
[2023-02-17 23:39:44.392753 +0000] I [cli.c:828:main] 0-cli: Started running /usr/sbin/gluster with version 10.1
[2023-02-17 23:39:44.435763 +0000] I [MSGID: 101190] [event-epoll.c:667:event_dispatch_epoll_worker] 0-epoll: Started thread with index [{index=0}] 
[2023-02-17 23:39:44.435875 +0000] I [MSGID: 101190] [event-epoll.c:667:event_dispatch_epoll_worker] 0-epoll: Started thread with index [{index=1}] 
[2023-02-17 23:39:44.436284 +0000] I [cli-rpc-ops.c:162:gf_cli_probe_cbk] 0-cli: Received resp to probe
[2023-02-17 23:39:44.436397 +0000] I [input.c:31:cli_batch] 0-: Exiting with: 0
[2023-02-17 23:39:44.442818 +0000] I [cli.c:828:main] 0-cli: Started running /usr/sbin/gluster with version 10.1
[2023-02-17 23:39:44.491708 +0000] I [MSGID: 101190] [event-epoll.c:667:event_dispatch_epoll_worker] 0-epoll: Started thread with index [{index=0}] 
[2023-02-17 23:39:44.491757 +0000] I [MSGID: 101190] [event-epoll.c:667:event_dispatch_epoll_worker] 0-epoll: Started thread with index [{index=1}] 
[2023-02-17 23:39:46.746191 +0000] I [cli-rpc-ops.c:1015:gf_cli_create_volume_cbk] 0-cli: Received resp to create volume
[2023-02-17 23:39:46.746487 +0000] I [input.c:31:cli_batch] 0-: Exiting with: 0
[2023-02-17 23:39:46.753917 +0000] I [cli.c:828:main] 0-cli: Started running /usr/sbin/gluster with version 10.1
[2023-02-17 23:39:46.815758 +0000] I [MSGID: 101190] [event-epoll.c:667:event_dispatch_epoll_worker] 0-epoll: Started thread with index [{index=0}] 
[2023-02-17 23:39:46.815782 +0000] I [MSGID: 101190] [event-epoll.c:667:event_dispatch_epoll_worker] 0-epoll: Started thread with index [{index=1}] 
[2023-02-17 23:39:46.816288 +0000] I [cli-rpc-ops.c:767:gf_cli_get_volume_cbk] 0-cli: Received resp to get vol: 0
[2023-02-17 23:39:46.816696 +0000] I [cli-rpc-ops.c:767:gf_cli_get_volume_cbk] 0-cli: Received resp to get vol: 0
[2023-02-17 23:39:46.816743 +0000] I [input.c:31:cli_batch] 0-: Exiting with: 0
[2023-02-17 23:39:46.822861 +0000] I [cli.c:828:main] 0-cli: Started running /usr/sbin/gluster with version 10.1
[2023-02-17 23:39:46.869820 +0000] I [MSGID: 101190] [event-epoll.c:667:event_dispatch_epoll_worker] 0-epoll: Started thread with index [{index=0}] 
[2023-02-17 23:39:46.869862 +0000] I [MSGID: 101190] [event-epoll.c:667:event_dispatch_epoll_worker] 0-epoll: Started thread with index [{index=1}] 
[2023-02-17 23:39:52.392512 +0000] I [cli-rpc-ops.c:1321:gf_cli_start_volume_cbk] 0-cli: Received resp to start volume
[2023-02-17 23:39:52.392902 +0000] I [input.c:31:cli_batch] 0-: Exiting with: 0
[2023-02-17 23:39:52.403061 +0000] I [cli.c:828:main] 0-cli: Started running /usr/sbin/gluster with version 10.1
[2023-02-17 23:39:52.536152 +0000] I [MSGID: 101190] [event-epoll.c:667:event_dispatch_epoll_worker] 0-epoll: Started thread with index [{index=0}] 
[2023-02-17 23:39:52.536163 +0000] I [MSGID: 101190] [event-epoll.c:667:event_dispatch_epoll_worker] 0-epoll: Started thread with index [{index=1}] 
[2023-02-17 23:39:52.536519 +0000] I [cli-rpc-ops.c:767:gf_cli_get_volume_cbk] 0-cli: Received resp to get vol: 0
[2023-02-17 23:39:52.537319 +0000] I [cli-rpc-ops.c:767:gf_cli_get_volume_cbk] 0-cli: Received resp to get vol: 0
[2023-02-17 23:39:52.537359 +0000] I [input.c:31:cli_batch] 0-: Exiting with: 0
[2023-02-17 23:39:52.823404 +0000] I [cli.c:828:main] 0-cli: Started running /usr/sbin/gluster with version 10.1
[2023-02-17 23:39:52.869475 +0000] I [MSGID: 101190] [event-epoll.c:667:event_dispatch_epoll_worker] 0-epoll: Started thread with index [{index=0}] 
[2023-02-17 23:39:52.869510 +0000] I [MSGID: 101190] [event-epoll.c:667:event_dispatch_epoll_worker] 0-epoll: Started thread with index [{index=1}] 
[2023-02-17 23:39:52.869903 +0000] I [input.c:31:cli_batch] 0-: Exiting with: 0
[2023-02-17 23:39:52.874383 +0000] I [cli.c:828:main] 0-cli: Started running /usr/sbin/gluster with version 10.1
[2023-02-17 23:39:52.920233 +0000] I [MSGID: 101190] [event-epoll.c:667:event_dispatch_epoll_worker] 0-epoll: Started thread with index [{index=0}] 
[2023-02-17 23:39:52.920283 +0000] I [MSGID: 101190] [event-epoll.c:667:event_dispatch_epoll_worker] 0-epoll: Started thread with index [{index=1}] 
[2023-02-17 23:39:52.920663 +0000] I [cli-rpc-ops.c:767:gf_cli_get_volume_cbk] 0-cli: Received resp to get vol: 0
[2023-02-17 23:39:52.920876 +0000] I [cli-rpc-ops.c:767:gf_cli_get_volume_cbk] 0-cli: Received resp to get vol: 0
[2023-02-17 23:39:52.920886 +0000] I [input.c:31:cli_batch] 0-: Exiting with: 0
[2023-02-17 23:39:52.925095 +0000] I [cli.c:828:main] 0-cli: Started running /usr/sbin/gluster with version 10.1
[2023-02-17 23:39:52.970493 +0000] I [MSGID: 101190] [event-epoll.c:667:event_dispatch_epoll_worker] 0-epoll: Started thread with index [{index=0}] 
[2023-02-17 23:39:52.970901 +0000] I [MSGID: 101190] [event-epoll.c:667:event_dispatch_epoll_worker] 0-epoll: Started thread with index [{index=1}] 
[2023-02-17 23:39:54.773364 +0000] I [cli-rpc-ops.c:2119:gf_cli_set_volume_cbk] 0-cli: Received resp to set
[2023-02-17 23:39:54.773582 +0000] I [input.c:31:cli_batch] 0-: Exiting with: 0
[2023-02-17 23:39:54.781796 +0000] I [cli.c:828:main] 0-cli: Started running /usr/sbin/gluster with version 10.1
[2023-02-17 23:39:54.829379 +0000] I [MSGID: 101190] [event-epoll.c:667:event_dispatch_epoll_worker] 0-epoll: Started thread with index [{index=0}] 
[2023-02-17 23:39:54.829515 +0000] I [MSGID: 101190] [event-epoll.c:667:event_dispatch_epoll_worker] 0-epoll: Started thread with index [{index=1}] 
[2023-02-17 23:39:56.635381 +0000] I [cli-rpc-ops.c:2119:gf_cli_set_volume_cbk] 0-cli: Received resp to set
[2023-02-17 23:39:56.635709 +0000] I [input.c:31:cli_batch] 0-: Exiting with: 0
[2023-02-17 23:39:56.642240 +0000] I [cli.c:828:main] 0-cli: Started running /usr/sbin/gluster with version 10.1
[2023-02-17 23:39:56.690282 +0000] I [MSGID: 101190] [event-epoll.c:667:event_dispatch_epoll_worker] 0-epoll: Started thread with index [{index=0}] 
[2023-02-17 23:39:56.690394 +0000] I [MSGID: 101190] [event-epoll.c:667:event_dispatch_epoll_worker] 0-epoll: Started thread with index [{index=1}] 
[2023-02-17 23:39:58.511550 +0000] I [cli-rpc-ops.c:2119:gf_cli_set_volume_cbk] 0-cli: Received resp to set
[2023-02-17 23:39:58.511775 +0000] I [input.c:31:cli_batch] 0-: Exiting with: 0
[2023-02-17 23:39:58.518517 +0000] I [cli.c:828:main] 0-cli: Started running /usr/sbin/gluster with version 10.1
[2023-02-17 23:39:58.566730 +0000] I [MSGID: 101190] [event-epoll.c:667:event_dispatch_epoll_worker] 0-epoll: Started thread with index [{index=0}] 
[2023-02-17 23:39:58.566842 +0000] I [MSGID: 101190] [event-epoll.c:667:event_dispatch_epoll_worker] 0-epoll: Started thread with index [{index=1}] 
[2023-02-17 23:40:00.359102 +0000] I [cli-rpc-ops.c:2119:gf_cli_set_volume_cbk] 0-cli: Received resp to set
[2023-02-17 23:40:00.359361 +0000] I [input.c:31:cli_batch] 0-: Exiting with: 0
[2023-02-17 23:40:00.366396 +0000] I [cli.c:828:main] 0-cli: Started running /usr/sbin/gluster with version 10.1
[2023-02-17 23:40:00.414550 +0000] I [MSGID: 101190] [event-epoll.c:667:event_dispatch_epoll_worker] 0-epoll: Started thread with index [{index=0}] 
[2023-02-17 23:40:00.414679 +0000] I [MSGID: 101190] [event-epoll.c:667:event_dispatch_epoll_worker] 0-epoll: Started thread with index [{index=1}] 
[2023-02-17 23:40:02.215894 +0000] I [cli-rpc-ops.c:2119:gf_cli_set_volume_cbk] 0-cli: Received resp to set
[2023-02-17 23:40:02.216130 +0000] I [input.c:31:cli_batch] 0-: Exiting with: 0
[2023-02-17 23:40:02.222849 +0000] I [cli.c:828:main] 0-cli: Started running /usr/sbin/gluster with version 10.1
[2023-02-17 23:40:02.268288 +0000] I [MSGID: 101190] [event-epoll.c:667:event_dispatch_epoll_worker] 0-epoll: Started thread with index [{index=0}] 
[2023-02-17 23:40:02.268407 +0000] I [MSGID: 101190] [event-epoll.c:667:event_dispatch_epoll_worker] 0-epoll: Started thread with index [{index=1}] 
[2023-02-17 23:40:04.075126 +0000] I [cli-rpc-ops.c:2119:gf_cli_set_volume_cbk] 0-cli: Received resp to set
[2023-02-17 23:40:04.075420 +0000] I [input.c:31:cli_batch] 0-: Exiting with: 0
[2023-02-17 23:40:04.082424 +0000] I [cli.c:828:main] 0-cli: Started running /usr/sbin/gluster with version 10.1
[2023-02-17 23:40:04.131985 +0000] I [MSGID: 101190] [event-epoll.c:667:event_dispatch_epoll_worker] 0-epoll: Started thread with index [{index=0}] 
[2023-02-17 23:40:04.131989 +0000] I [MSGID: 101190] [event-epoll.c:667:event_dispatch_epoll_worker] 0-epoll: Started thread with index [{index=1}] 
[2023-02-17 23:40:06.460321 +0000] I [cli-rpc-ops.c:2119:gf_cli_set_volume_cbk] 0-cli: Received resp to set
[2023-02-17 23:40:06.460625 +0000] I [input.c:31:cli_batch] 0-: Exiting with: 0
[2023-02-17 23:40:06.468963 +0000] I [cli.c:828:main] 0-cli: Started running /usr/sbin/gluster with version 10.1
[2023-02-17 23:40:06.518512 +0000] I [MSGID: 101190] [event-epoll.c:667:event_dispatch_epoll_worker] 0-epoll: Started thread with index [{index=0}] 
[2023-02-17 23:40:06.518566 +0000] I [MSGID: 101190] [event-epoll.c:667:event_dispatch_epoll_worker] 0-epoll: Started thread with index [{index=1}] 
[2023-02-17 23:40:07.663838 +0000] I [cli-rpc-ops.c:2119:gf_cli_set_volume_cbk] 0-cli: Received resp to set
[2023-02-17 23:40:07.664106 +0000] I [input.c:31:cli_batch] 0-: Exiting with: 0
[2023-02-17 23:40:07.670401 +0000] I [cli.c:828:main] 0-cli: Started running /usr/sbin/gluster with version 10.1
[2023-02-17 23:40:07.718004 +0000] I [MSGID: 101190] [event-epoll.c:667:event_dispatch_epoll_worker] 0-epoll: Started thread with index [{index=0}] 
[2023-02-17 23:40:07.718138 +0000] I [MSGID: 101190] [event-epoll.c:667:event_dispatch_epoll_worker] 0-epoll: Started thread with index [{index=1}] 
[2023-02-17 23:40:08.882916 +0000] I [cli-rpc-ops.c:2119:gf_cli_set_volume_cbk] 0-cli: Received resp to set
[2023-02-17 23:40:08.883205 +0000] I [input.c:31:cli_batch] 0-: Exiting with: 0
[2023-02-17 23:40:08.889484 +0000] I [cli.c:828:main] 0-cli: Started running /usr/sbin/gluster with version 10.1
[2023-02-17 23:40:08.935671 +0000] I [MSGID: 101190] [event-epoll.c:667:event_dispatch_epoll_worker] 0-epoll: Started thread with index [{index=0}] 
[2023-02-17 23:40:08.935724 +0000] I [MSGID: 101190] [event-epoll.c:667:event_dispatch_epoll_worker] 0-epoll: Started thread with index [{index=1}] 
[2023-02-17 23:40:10.081435 +0000] I [cli-rpc-ops.c:2119:gf_cli_set_volume_cbk] 0-cli: Received resp to set
[2023-02-17 23:40:10.081751 +0000] I [input.c:31:cli_batch] 0-: Exiting with: 0
[2023-02-17 23:40:10.088566 +0000] I [cli.c:828:main] 0-cli: Started running /usr/sbin/gluster with version 10.1
[2023-02-17 23:40:10.140539 +0000] I [MSGID: 101190] [event-epoll.c:667:event_dispatch_epoll_worker] 0-epoll: Started thread with index [{index=0}] 
[2023-02-17 23:40:10.140593 +0000] I [MSGID: 101190] [event-epoll.c:667:event_dispatch_epoll_worker] 0-epoll: Started thread with index [{index=1}] 
[2023-02-17 23:40:11.325393 +0000] I [cli-rpc-ops.c:2119:gf_cli_set_volume_cbk] 0-cli: Received resp to set
[2023-02-17 23:40:11.325611 +0000] I [input.c:31:cli_batch] 0-: Exiting with: 0
[2023-02-17 23:40:11.332695 +0000] I [cli.c:828:main] 0-cli: Started running /usr/sbin/gluster with version 10.1
[2023-02-17 23:40:11.381431 +0000] I [MSGID: 101190] [event-epoll.c:667:event_dispatch_epoll_worker] 0-epoll: Started thread with index [{index=0}] 
[2023-02-17 23:40:11.381538 +0000] I [MSGID: 101190] [event-epoll.c:667:event_dispatch_epoll_worker] 0-epoll: Started thread with index [{index=1}] 
[2023-02-17 23:40:11.381980 +0000] I [cli-rpc-ops.c:767:gf_cli_get_volume_cbk] 0-cli: Received resp to get vol: 0
[2023-02-17 23:40:11.382259 +0000] I [cli-rpc-ops.c:767:gf_cli_get_volume_cbk] 0-cli: Received resp to get vol: 0
[2023-02-17 23:40:11.382277 +0000] I [input.c:31:cli_batch] 0-: Exiting with: 0
